2025-07-10 09:42:40 - --- Fraglink Python版开始执行 ---
2025-07-10 09:42:40 - 输出文件将保存在: ../ALK1/fraglinking
2025-07-10 09:42:40 - 正在加载目标结构: ../ALK1/box1.pdb...
2025-07-10 09:42:40 - 目标结构加载成功。
2025-07-10 09:42:40 - 从 'ALK1dockfragpair' 中加载了 9 行，正在解析任务...
2025-07-10 09:42:40 - 成功解析了 9 个配对任务。
2025-07-10 09:42:40 - 使用最多 1 个并行进程。
2025-07-10 09:42:40 - ----------------------------------------
2025-07-10 09:42:40 - 进度: 1/9 | Pair 1 完成，未找到符合要求的结果。
2025-07-10 09:42:40 - --- [进度: 1/9 | 已耗时: 00:00:00 | 预计剩余: 00:00:00] ---
2025-07-10 09:42:40 - 进度: 2/9 | Pair 2 完成，未找到符合要求的结果。
2025-07-10 09:42:40 - --- [进度: 2/9 | 已耗时: 00:00:00 | 预计剩余: 00:00:00] ---
2025-07-10 09:42:40 - 进度: 3/9 | Pair 3 成功，找到 3 个结果，正在写入文件...
2025-07-10 09:42:40 - --- [进度: 3/9 | 已耗时: 00:00:00 | 预计剩余: 00:00:00] ---
2025-07-10 09:42:40 - 进度: 4/9 | Pair 4 成功，找到 2 个结果，正在写入文件...
2025-07-10 09:42:40 - --- [进度: 4/9 | 已耗时: 00:00:00 | 预计剩余: 00:00:00] ---
2025-07-10 09:42:40 - 进度: 5/9 | Pair 5 成功，找到 1 个结果，正在写入文件...
2025-07-10 09:42:40 - --- [进度: 5/9 | 已耗时: 00:00:00 | 预计剩余: 00:00:00] ---
2025-07-10 09:42:40 - 进度: 6/9 | Pair 6 完成，未找到符合要求的结果。
2025-07-10 09:42:40 - --- [进度: 6/9 | 已耗时: 00:00:00 | 预计剩余: 00:00:00] ---
2025-07-10 09:42:40 - 进度: 7/9 | Pair 7 完成，未找到符合要求的结果。
2025-07-10 09:42:40 - --- [进度: 7/9 | 已耗时: 00:00:00 | 预计剩余: 00:00:00] ---
2025-07-10 09:42:40 - 进度: 8/9 | Pair 8 完成，未找到符合要求的结果。
2025-07-10 09:42:40 - --- [进度: 8/9 | 已耗时: 00:00:00 | 预计剩余: 00:00:00] ---
2025-07-10 09:42:40 - 进度: 9/9 | Pair 9 成功，找到 1 个结果，正在写入文件...
2025-07-10 09:42:40 - --- [进度: 9/9 | 已耗时: 00:00:00 | 预计剩余: 00:00:00] ---
2025-07-10 09:42:40 - ----------------------------------------
2025-07-10 09:42:40 - --- 所有任务执行完毕！总耗时: 00:00:00 ---
